[12-12 04:46:19]: [INFO] Created column 'regdate' and set the current timestamp, 1733978779246, to all 0 rows
[12-12 04:46:19]: [INFO] SQLite Setup finished
[12-12 04:46:19]: [INFO] No supported permissions system found! Permissions are disabled!
[12-12 04:46:19]: [INFO] Hooked successfully into Essentials
[12-12 04:46:19]: [INFO] Essentials spawn file not found: '/workspaces/ClassVival/servidor_minecraft/plugins/Essentials/spawn.yml'
[12-12 04:46:19]: [WARN] WARNING! The protectInventory feature requires ProtocolLib! Disabling it...
[12-12 04:46:19]: [INFO] AuthMe 5.6.0 build n.CUSTOM successfully enabled!
[12-12 04:46:20]: [INFO] Downloading GEO IP database, because the old database is older than 30 days or doesn't exist
[12-12 04:46:20]: [WARN] No MaxMind credentials found in the configuration file! GeoIp protections will be disabled.
[12-12 04:46:20]: [INFO] There is no newer GEO IP database uploaded to MaxMind. Using the old one for now.
[12-12 04:46:20]: [WARN] Could not download GeoLiteAPI database [FileNotFoundException]: plugins/AuthMe/GeoLite2-Country.mmdb (No such file or directory)
[12-12 04:46:20]: java.io.FileNotFoundException: plugins/AuthMe/GeoLite2-Country.mmdb (No such file or directory)
	at java.base/java.io.RandomAccessFile.open0(Native Method)
	at java.base/java.io.RandomAccessFile.open(RandomAccessFile.java:356)
	at java.base/java.io.RandomAccessFile.<init>(RandomAccessFile.java:273)
	at java.base/java.io.RandomAccessFile.<init>(RandomAccessFile.java:223)
	at AuthMe-5.6.0.jar//fr.xephi.authme.libs.com.maxmind.db.BufferHolder.<init>(BufferHolder.java:20)
	at AuthMe-5.6.0.jar//fr.xephi.authme.libs.com.maxmind.db.Reader.<init>(Reader.java:121)
	at AuthMe-5.6.0.jar//fr.xephi.authme.service.GeoIpService.startReading(GeoIpService.java:179)
	at AuthMe-5.6.0.jar//fr.xephi.authme.service.GeoIpService.updateDatabase(GeoIpService.java:150)
	at org.bukkit.craftbukkit.scheduler.CraftTask.run(CraftTask.java:78)
	at org.bukkit.craftbukkit.scheduler.CraftAsyncTask.run(CraftAsyncTask.java:57)
	at com.destroystokyo.paper.ServerSchedulerReportingWrapper.run(ServerSchedulerReportingWrapper.java:22)
	at java.base/java.util.concurrent.ThreadPoolExecutor.runWorker(ThreadPoolExecutor.java:1144)
	at java.base/java.util.concurrent.ThreadPoolExecutor$Worker.run(ThreadPoolExecutor.java:642)
	at java.base/java.lang.Thread.run(Thread.java:1583)

[12-12 04:47:11]: [FINE] TomClass registered 0:0:0:0:0:0:0:1%0
[12-12 04:47:11]: [FINE] TomClass logged in 0:0:0:0:0:0:0:1%0
[12-12 04:49:15]: [INFO] AuthMe 5.6.0-bCUSTOM disabled!
[12-12 05:09:09]: [INFO] SQLite Setup finished
[12-12 05:09:09]: [INFO] No supported permissions system found! Permissions are disabled!
[12-12 05:09:09]: [INFO] Hooked successfully into Essentials
[12-12 05:09:09]: [INFO] Essentials spawn file not found: '/workspaces/ClassVival/servidor_minecraft/plugins/Essentials/spawn.yml'
[12-12 05:09:10]: [WARN] WARNING! The protectInventory feature requires ProtocolLib! Disabling it...
[12-12 05:09:10]: [INFO] AuthMe 5.6.0 build n.CUSTOM successfully enabled!
[12-12 05:09:10]: [INFO] Downloading GEO IP database, because the old database is older than 30 days or doesn't exist
[12-12 05:09:10]: [WARN] No MaxMind credentials found in the configuration file! GeoIp protections will be disabled.
[12-12 05:09:10]: [INFO] There is no newer GEO IP database uploaded to MaxMind. Using the old one for now.
[12-12 05:09:10]: [WARN] Could not download GeoLiteAPI database [FileNotFoundException]: plugins/AuthMe/GeoLite2-Country.mmdb (No such file or directory)
[12-12 05:09:10]: java.io.FileNotFoundException: plugins/AuthMe/GeoLite2-Country.mmdb (No such file or directory)
	at java.base/java.io.RandomAccessFile.open0(Native Method)
	at java.base/java.io.RandomAccessFile.open(RandomAccessFile.java:356)
	at java.base/java.io.RandomAccessFile.<init>(RandomAccessFile.java:273)
	at java.base/java.io.RandomAccessFile.<init>(RandomAccessFile.java:223)
	at AuthMe-5.6.0.jar//fr.xephi.authme.libs.com.maxmind.db.BufferHolder.<init>(BufferHolder.java:20)
	at AuthMe-5.6.0.jar//fr.xephi.authme.libs.com.maxmind.db.Reader.<init>(Reader.java:121)
	at AuthMe-5.6.0.jar//fr.xephi.authme.service.GeoIpService.startReading(GeoIpService.java:179)
	at AuthMe-5.6.0.jar//fr.xephi.authme.service.GeoIpService.updateDatabase(GeoIpService.java:150)
	at org.bukkit.craftbukkit.scheduler.CraftTask.run(CraftTask.java:78)
	at org.bukkit.craftbukkit.scheduler.CraftAsyncTask.run(CraftAsyncTask.java:57)
	at com.destroystokyo.paper.ServerSchedulerReportingWrapper.run(ServerSchedulerReportingWrapper.java:22)
	at java.base/java.util.concurrent.ThreadPoolExecutor.runWorker(ThreadPoolExecutor.java:1144)
	at java.base/java.util.concurrent.ThreadPoolExecutor$Worker.run(ThreadPoolExecutor.java:642)
	at java.base/java.lang.Thread.run(Thread.java:1583)

[12-12 05:09:19]: [FINE] TomClass logged in 0:0:0:0:0:0:0:1%0
[12-12 05:16:53]: [FINE] TomClass logged in 0:0:0:0:0:0:0:1%0
[12-12 05:25:43]: [INFO] Unhooked from Permissions!
[12-12 05:25:43]: [INFO] No supported permissions system found! Permissions are disabled!
[12-12 05:25:43]: [INFO] Essentials spawn file not found: '/workspaces/ClassVival/servidor_minecraft/plugins/Essentials/spawn.yml'
[12-12 05:25:43]: [INFO] SQLite Setup finished
[12-12 05:25:43]: [WARN] WARNING! The protectInventory feature requires ProtocolLib! Disabling it...
[12-12 05:26:07]: [FINE] TomClass logged in 0:0:0:0:0:0:0:1%0
[12-12 05:27:04]: [INFO] Unhooked from Permissions!
[12-12 05:27:04]: [INFO] No supported permissions system found! Permissions are disabled!
[12-12 05:27:04]: [INFO] Essentials spawn file not found: '/workspaces/ClassVival/servidor_minecraft/plugins/Essentials/spawn.yml'
[12-12 05:27:04]: [INFO] SQLite Setup finished
[12-12 05:27:04]: [WARN] WARNING! The protectInventory feature requires ProtocolLib! Disabling it...
[12-12 05:27:15]: [FINE] TomClass logged in 0:0:0:0:0:0:0:1%0
[12-12 05:32:58]: [INFO] AuthMe 5.6.0-bCUSTOM disabled!
[12-12 05:33:07]: [INFO] SQLite Setup finished
[12-12 05:33:07]: [INFO] Hooked into LuckPerms!
[12-12 05:33:07]: [INFO] Hooked successfully into Essentials
[12-12 05:33:07]: [INFO] Essentials spawn file not found: '/workspaces/ClassVival/servidor_minecraft/plugins/Essentials/spawn.yml'
[12-12 05:33:07]: [WARN] WARNING! The protectInventory feature requires ProtocolLib! Disabling it...
[12-12 05:33:07]: [INFO] AuthMe 5.6.0 build n.CUSTOM successfully enabled!
[12-12 05:33:08]: [INFO] Downloading GEO IP database, because the old database is older than 30 days or doesn't exist
[12-12 05:33:08]: [WARN] No MaxMind credentials found in the configuration file! GeoIp protections will be disabled.
[12-12 05:33:08]: [INFO] There is no newer GEO IP database uploaded to MaxMind. Using the old one for now.
[12-12 05:33:08]: [WARN] Could not download GeoLiteAPI database [FileNotFoundException]: plugins/AuthMe/GeoLite2-Country.mmdb (No such file or directory)
[12-12 05:33:08]: java.io.FileNotFoundException: plugins/AuthMe/GeoLite2-Country.mmdb (No such file or directory)
	at java.base/java.io.RandomAccessFile.open0(Native Method)
	at java.base/java.io.RandomAccessFile.open(RandomAccessFile.java:356)
	at java.base/java.io.RandomAccessFile.<init>(RandomAccessFile.java:273)
	at java.base/java.io.RandomAccessFile.<init>(RandomAccessFile.java:223)
	at AuthMe-5.6.0.jar//fr.xephi.authme.libs.com.maxmind.db.BufferHolder.<init>(BufferHolder.java:20)
	at AuthMe-5.6.0.jar//fr.xephi.authme.libs.com.maxmind.db.Reader.<init>(Reader.java:121)
	at AuthMe-5.6.0.jar//fr.xephi.authme.service.GeoIpService.startReading(GeoIpService.java:179)
	at AuthMe-5.6.0.jar//fr.xephi.authme.service.GeoIpService.updateDatabase(GeoIpService.java:150)
	at org.bukkit.craftbukkit.scheduler.CraftTask.run(CraftTask.java:78)
	at org.bukkit.craftbukkit.scheduler.CraftAsyncTask.run(CraftAsyncTask.java:57)
	at com.destroystokyo.paper.ServerSchedulerReportingWrapper.run(ServerSchedulerReportingWrapper.java:22)
	at java.base/java.util.concurrent.ThreadPoolExecutor.runWorker(ThreadPoolExecutor.java:1144)
	at java.base/java.util.concurrent.ThreadPoolExecutor$Worker.run(ThreadPoolExecutor.java:642)
	at java.base/java.lang.Thread.run(Thread.java:1583)

[12-12 05:33:13]: [FINE] TomClass logged in 0:0:0:0:0:0:0:1%0
[12-12 05:38:08]: [INFO] AuthMe 5.6.0-bCUSTOM disabled!
[12-12 05:38:13]: [INFO] SQLite Setup finished
[12-12 05:38:13]: [INFO] Hooked into LuckPerms!
[12-12 05:38:13]: [INFO] Hooked successfully into Essentials
[12-12 05:38:13]: [INFO] Essentials spawn file not found: '/workspaces/ClassVival/servidor_minecraft/plugins/Essentials/spawn.yml'
[12-12 05:38:13]: [WARN] WARNING! The protectInventory feature requires ProtocolLib! Disabling it...
[12-12 05:38:13]: [INFO] AuthMe 5.6.0 build n.CUSTOM successfully enabled!
[12-12 05:38:13]: [INFO] Downloading GEO IP database, because the old database is older than 30 days or doesn't exist
[12-12 05:38:13]: [WARN] No MaxMind credentials found in the configuration file! GeoIp protections will be disabled.
[12-12 05:38:13]: [INFO] There is no newer GEO IP database uploaded to MaxMind. Using the old one for now.
[12-12 05:38:13]: [WARN] Could not download GeoLiteAPI database [FileNotFoundException]: plugins/AuthMe/GeoLite2-Country.mmdb (No such file or directory)
[12-12 05:38:13]: java.io.FileNotFoundException: plugins/AuthMe/GeoLite2-Country.mmdb (No such file or directory)
	at java.base/java.io.RandomAccessFile.open0(Native Method)
	at java.base/java.io.RandomAccessFile.open(RandomAccessFile.java:356)
	at java.base/java.io.RandomAccessFile.<init>(RandomAccessFile.java:273)
	at java.base/java.io.RandomAccessFile.<init>(RandomAccessFile.java:223)
	at AuthMe-5.6.0.jar//fr.xephi.authme.libs.com.maxmind.db.BufferHolder.<init>(BufferHolder.java:20)
	at AuthMe-5.6.0.jar//fr.xephi.authme.libs.com.maxmind.db.Reader.<init>(Reader.java:121)
	at AuthMe-5.6.0.jar//fr.xephi.authme.service.GeoIpService.startReading(GeoIpService.java:179)
	at AuthMe-5.6.0.jar//fr.xephi.authme.service.GeoIpService.updateDatabase(GeoIpService.java:150)
	at org.bukkit.craftbukkit.scheduler.CraftTask.run(CraftTask.java:78)
	at org.bukkit.craftbukkit.scheduler.CraftAsyncTask.run(CraftAsyncTask.java:57)
	at com.destroystokyo.paper.ServerSchedulerReportingWrapper.run(ServerSchedulerReportingWrapper.java:22)
	at java.base/java.util.concurrent.ThreadPoolExecutor.runWorker(ThreadPoolExecutor.java:1144)
	at java.base/java.util.concurrent.ThreadPoolExecutor$Worker.run(ThreadPoolExecutor.java:642)
	at java.base/java.lang.Thread.run(Thread.java:1583)

[12-12 05:38:17]: [FINE] TomClass logged in 0:0:0:0:0:0:0:1%0
