[03:08:38] [ServerMain/INFO]: [bootstrap] Running Java 21 (OpenJDK 64-Bit Server VM 21.0.5+11-Ubuntu-1ubuntu120.04; Ubuntu null) on Linux 6.5.0-1025-azure (amd64)
[03:08:38] [ServerMain/INFO]: [bootstrap] Loading Paper 1.21.3-63-master@4190ee7 (2024-11-25T18:59:19Z) for Minecraft 1.21.3
[03:08:38] [ServerMain/INFO]: [PluginInitializerManager] Initializing plugins...
[03:08:39] [ServerMain/INFO]: [PluginInitializerManager] Initialized 3 plugins
[03:08:39] [ServerMain/INFO]: [PluginInitializerManager] Bukkit plugins (3):
 - SkinsRestorer (15.5.0), WorldEdit (7.3.9+6959-7adf70b), voicechat (2.5.26)
[03:08:44] [ServerMain/INFO]: Environment: Environment[sessionHost=https://sessionserver.mojang.com, servicesHost=https://api.minecraftservices.com, name=PROD]
[03:08:47] [ServerMain/INFO]: Loaded 1337 recipes
[03:08:47] [ServerMain/INFO]: Loaded 1448 advancements
[03:08:47] [Server thread/INFO]: Starting minecraft server version 1.21.3
[03:08:47] [Server thread/INFO]: Loading properties
[03:08:47] [Server thread/INFO]: This server is running Paper version 1.21.3-63-master@4190ee7 (2024-11-25T18:59:19Z) (Implementing API version 1.21.3-R0.1-SNAPSHOT)
[03:08:48] [Server thread/INFO]: [spark] This server bundles the spark profiler. For more information please visit https://docs.papermc.io/paper/profiling
[03:08:48] [Server thread/INFO]: Server Ping Player Sample Count: 12
[03:08:48] [Server thread/INFO]: Using 4 threads for Netty based IO
[03:08:50] [Server thread/INFO]: [MoonriseCommon] Paper is using 1 worker threads, 1 I/O threads
[03:08:50] [Server thread/INFO]: [ChunkTaskScheduler] Chunk system is using population gen parallelism: true
[03:08:50] [Server thread/INFO]: Default game type: SURVIVAL
[03:08:50] [Server thread/INFO]: Generating keypair
[03:08:50] [Server thread/INFO]: Starting Minecraft server on *:25565
[03:08:50] [Server thread/INFO]: Using epoll channel type
[03:08:50] [Server thread/INFO]: Paper: Using libdeflate (Linux x86_64) compression from Velocity.
[03:08:50] [Server thread/INFO]: Paper: Using OpenSSL 1.1.x (Linux x86_64) cipher from Velocity.
[03:08:52] [Server thread/INFO]: [voicechat] Loading server plugin voicechat v2.5.26
[03:08:52] [Server thread/INFO]: [WorldEdit] Loading server plugin WorldEdit v7.3.9+6959-7adf70b
[03:08:53] [Thread-0/INFO]: Stopping server
[03:08:53] [Thread-0/INFO]: Saving players
[03:08:53] [Thread-0/WARN]: Asynchronous Save Players! Blocking thread until it returns 
java.lang.IllegalStateException: null
	at io.papermc.paper.util.MCUtil.ensureMain(MCUtil.java:120) ~[paper-1.21.3.jar:1.21.3-63-4190ee7]
	at net.minecraft.server.players.PlayerList.saveAll(PlayerList.java:1167) ~[paper-1.21.3.jar:1.21.3-63-4190ee7]
	at net.minecraft.server.players.PlayerList.saveAll(PlayerList.java:1163) ~[paper-1.21.3.jar:1.21.3-63-4190ee7]
	at net.minecraft.server.MinecraftServer.stopServer(MinecraftServer.java:1068) ~[paper-1.21.3.jar:1.21.3-63-4190ee7]
	at net.minecraft.server.dedicated.DedicatedServer.stopServer(DedicatedServer.java:793) ~[paper-1.21.3.jar:1.21.3-63-4190ee7]
	at net.minecraft.server.MinecraftServer.close(MinecraftServer.java:1023) ~[paper-1.21.3.jar:1.21.3-63-4190ee7]
	at org.bukkit.craftbukkit.util.ServerShutdownThread.run(ServerShutdownThread.java:27) ~[paper-1.21.3.jar:1.21.3-63-4190ee7]
[03:08:54] [Server thread/INFO]: Got request to register class com.sk89q.worldedit.bukkit.BukkitServerInterface with WorldEdit [com.sk89q.worldedit.extension.platform.PlatformManager@3769a6b1]
[03:08:54] [Server thread/INFO]: [SkinsRestorer] Loading server plugin SkinsRestorer v15.5.0
[03:08:54] [Server thread/INFO]: Server permissions file permissions.yml is empty, ignoring it
[03:08:54] [Server thread/INFO]: [WorldEdit] Enabling WorldEdit v7.3.9+6959-7adf70b
[03:08:54] [Server thread/INFO]: Registering commands with com.sk89q.worldedit.bukkit.BukkitServerInterface
[03:08:54] [Server thread/INFO]: WEPIF: Using the Bukkit Permissions API.
[03:08:55] [Server thread/INFO]: Using com.sk89q.worldedit.bukkit.adapter.impl.v1_21_3.PaperweightAdapter as the Bukkit adapter
[03:08:57] [Server thread/INFO]: [SkinsRestorer] Enabling SkinsRestorer v15.5.0
[03:08:58] [Server thread/WARN]: [SkinsRestorer] You must agree to the rules at 'commands.perSkinPermissionsConsent' in the config to use per skin permissions.
[03:08:58] [Server thread/INFO]: [SkinsRestorer] Running on Minecraft 1.21.3.
[03:08:59] [Server thread/INFO]: [SkinsRestorer] Using paper join listener!
[03:08:59] [Server thread/WARN]: **** SERVER IS RUNNING IN OFFLINE/INSECURE MODE!
[03:08:59] [Server thread/WARN]: The server will make no attempt to authenticate usernames. Beware.
[03:08:59] [Server thread/WARN]: While this makes the game possible to play without internet access, it also opens up the ability for hackers to connect with any username they choose.
[03:08:59] [Server thread/WARN]: To change this, set "online-mode" to "true" in the server.properties file.
[03:08:59] [Server thread/INFO]: Preparing level "world"
[03:08:59] [Folia Async Scheduler Thread #1/INFO]: [SkinsRestorer] ----------------------------------------------
[03:08:59] [Folia Async Scheduler Thread #1/INFO]: [SkinsRestorer]     +==================+
[03:08:59] [Folia Async Scheduler Thread #1/INFO]: [SkinsRestorer]     |   SkinsRestorer  |
[03:08:59] [Folia Async Scheduler Thread #1/INFO]: [SkinsRestorer]     |------------------|
[03:08:59] [Folia Async Scheduler Thread #1/INFO]: [SkinsRestorer]     |  Standalone Mode |
[03:08:59] [Folia Async Scheduler Thread #1/INFO]: [SkinsRestorer]     +==================+
[03:08:59] [Folia Async Scheduler Thread #1/INFO]: [SkinsRestorer] ----------------------------------------------
[03:08:59] [Folia Async Scheduler Thread #1/INFO]: [SkinsRestorer]     Version: 15.5.0
[03:08:59] [Folia Async Scheduler Thread #1/INFO]: [SkinsRestorer]     Commit: ad418e4
[03:08:59] [Folia Async Scheduler Thread #1/INFO]: [SkinsRestorer]     This is the latest version!
[03:08:59] [Folia Async Scheduler Thread #1/INFO]: [SkinsRestorer] ----------------------------------------------
[03:08:59] [Folia Async Scheduler Thread #1/INFO]: [SkinsRestorer] Do you have issues? Read our troubleshooting guide: https://skinsrestorer.net/docs/troubleshooting
[03:08:59] [Folia Async Scheduler Thread #1/INFO]: [SkinsRestorer] Want to support SkinsRestorer? Consider donating: https://skinsrestorer.net/donate
[03:09:01] [Server thread/INFO]: Preparing start region for dimension minecraft:overworld
[03:09:01] [Paper Common Worker #0/INFO]: [MCTypeRegistry] Initialising converters for DataConverter...
[03:09:02] [Paper Common Worker #0/INFO]: [MCTypeRegistry] Finished initialising converters for DataConverter in 651.2ms
[03:09:02] [Server thread/INFO]: Preparing spawn area: 0%
[03:09:02] [Server thread/INFO]: Preparing spawn area: 0%
[03:09:02] [Server thread/INFO]: Preparing spawn area: 0%
[03:09:03] [Server thread/INFO]: Preparing spawn area: 0%
[03:09:03] [Server thread/INFO]: Preparing spawn area: 0%
[03:09:03] [Server thread/INFO]: Time elapsed: 2312 ms
[03:09:03] [Server thread/INFO]: Preparing start region for dimension minecraft:the_nether
[03:09:03] [Server thread/INFO]: Preparing spawn area: 0%
[03:09:04] [Server thread/INFO]: Time elapsed: 379 ms
[03:09:04] [Server thread/INFO]: Preparing start region for dimension minecraft:the_end
[03:09:04] [Server thread/INFO]: Preparing spawn area: 0%
[03:09:04] [Server thread/INFO]: Time elapsed: 262 ms
[03:09:04] [Server thread/INFO]: [voicechat] Enabling voicechat v2.5.26
[03:09:04] [Server thread/INFO]: [voicechat] Initializing compatibility for Bukkit version 1.21.3-R0.1
[03:09:04] [Server thread/INFO]: [voicechat] Compatibility version 18
[03:09:04] [Server thread/INFO]: [voicechat] Successfully initialized commodore command completion
[03:09:05] [Server thread/INFO]: [spark] Starting background profiler...
[03:09:05] [Server thread/INFO]: Done preparing level "world" (6.043s)
[03:09:05] [Server thread/INFO]: Running delayed init tasks
[03:09:05] [Server thread/INFO]: Done (28.724s)! For help, type "help"
[03:10:10] [spark-async-sampler-worker-thread/WARN]: [spark] Timed out waiting for world statistics
